<?xml version="1.0" encoding="UTF-8"?>
<testsuite xmlns:xsi="http://www.w3.org/2001/XMLSchema-instance" xsi:noNamespaceSchemaLocation="https://maven.apache.org/surefire/maven-surefire-plugin/xsd/surefire-test-report.xsd" name="chess_client.AppTest" time="0.091" tests="1" errors="0" skipped="0" failures="0">
  <properties>
    <property name="java.specification.version" value="15"/>
    <property name="sun.cpu.isalist" value="amd64"/>
    <property name="sun.jnu.encoding" value="Cp1252"/>
    <property name="java.class.path" value="D:\code\java\chess_client\target\test-classes;D:\code\java\chess_client\target\classes;C:\Users\zecha\.m2\repository\junit\junit\4.11\junit-4.11.jar;C:\Users\zecha\.m2\repository\org\hamcrest\hamcrest-core\1.3\hamcrest-core-1.3.jar;C:\Users\zecha\.m2\repository\com\squareup\okhttp\okhttp\2.7.5\okhttp-2.7.5.jar;C:\Users\zecha\.m2\repository\com\squareup\okio\okio\1.6.0\okio-1.6.0.jar;C:\Users\zecha\.m2\repository\org\json\json\20201115\json-20201115.jar;"/>
    <property name="java.vm.vendor" value="Oracle Corporation"/>
    <property name="sun.arch.data.model" value="64"/>
    <property name="user.variant" value=""/>
    <property name="java.vendor.url" value="https://java.oracle.com/"/>
    <property name="user.timezone" value="Asia/Singapore"/>
    <property name="os.name" value="Windows 10"/>
    <property name="java.vm.specification.version" value="15"/>
    <property name="sun.java.launcher" value="SUN_STANDARD"/>
    <property name="user.country" value="SG"/>
    <property name="sun.boot.library.path" value="D:\apps\Java\jdk\bin"/>
    <property name="sun.java.command" value="C:\Users\zecha\AppData\Local\Temp\surefire15745934837721948252\surefirebooter6037434214079786923.jar C:\Users\zecha\AppData\Local\Temp\surefire15745934837721948252 2020-12-10T15-02-11_188-jvmRun1 surefire4818620151834026531tmp surefire_06345720601549116276tmp"/>
    <property name="jdk.debug" value="release"/>
    <property name="surefire.test.class.path" value="D:\code\java\chess_client\target\test-classes;D:\code\java\chess_client\target\classes;C:\Users\zecha\.m2\repository\junit\junit\4.11\junit-4.11.jar;C:\Users\zecha\.m2\repository\org\hamcrest\hamcrest-core\1.3\hamcrest-core-1.3.jar;C:\Users\zecha\.m2\repository\com\squareup\okhttp\okhttp\2.7.5\okhttp-2.7.5.jar;C:\Users\zecha\.m2\repository\com\squareup\okio\okio\1.6.0\okio-1.6.0.jar;C:\Users\zecha\.m2\repository\org\json\json\20201115\json-20201115.jar;"/>
    <property name="sun.cpu.endian" value="little"/>
    <property name="user.home" value="C:\Users\zecha"/>
    <property name="user.language" value="en"/>
    <property name="java.specification.vendor" value="Oracle Corporation"/>
    <property name="java.version.date" value="2020-10-20"/>
    <property name="java.home" value="D:\apps\Java\jdk"/>
    <property name="file.separator" value="\"/>
    <property name="basedir" value="D:\code\java\chess_client"/>
    <property name="java.vm.compressedOopsMode" value="32-bit"/>
    <property name="line.separator" value="&#10;"/>
    <property name="java.vm.specification.vendor" value="Oracle Corporation"/>
    <property name="java.specification.name" value="Java Platform API Specification"/>
    <property name="surefire.real.class.path" value="C:\Users\zecha\AppData\Local\Temp\surefire15745934837721948252\surefirebooter6037434214079786923.jar"/>
    <property name="user.script" value=""/>
    <property name="sun.management.compiler" value="HotSpot 64-Bit Tiered Compilers"/>
    <property name="java.runtime.version" value="15.0.1+9-18"/>
    <property name="user.name" value="zecha"/>
    <property name="path.separator" value=";"/>
    <property name="os.version" value="10.0"/>
    <property name="java.runtime.name" value="Java(TM) SE Runtime Environment"/>
    <property name="file.encoding" value="Cp1252"/>
    <property name="java.vm.name" value="Java HotSpot(TM) 64-Bit Server VM"/>
    <property name="localRepository" value="C:\Users\zecha\.m2\repository"/>
    <property name="java.vendor.url.bug" value="https://bugreport.java.com/bugreport/"/>
    <property name="java.io.tmpdir" value="C:\Users\zecha\AppData\Local\Temp\"/>
    <property name="java.version" value="15.0.1"/>
    <property name="user.dir" value="D:\code\java\chess_client"/>
    <property name="os.arch" value="amd64"/>
    <property name="java.vm.specification.name" value="Java Virtual Machine Specification"/>
    <property name="sun.os.patch.level" value=""/>
    <property name="java.library.path" value="D:\apps\Java\jdk\bin;C:\Windows\Sun\Java\bin;C:\Windows\system32;C:\Windows;C:\Program Files\Common Files\Oracle\Java\javapath;C:\Program Files (x86)\Common Files\Oracle\Java\javapath;C:\Windows\system32;C:\Windows;C:\Windows\System32\Wbem;C:\Windows\System32\WindowsPowerShell\v1.0\;C:\Windows\System32\OpenSSH\;D:\apps\NodeJS\;D:\apps\Yarn\bin\;D:\apps\Python\Scripts\;D:\apps\Python\;C:\Users\zecha\AppData\Local\Microsoft\WindowsApps;D:\apps\Python;D:\apps\Python\Scripts;D:\codes\scripts;C:\Users\zecha\.deno\bin;D:\apps\drivers;D:\apps\NodeJS;D:\apps;D:\apps\Microsoft VS Code\bin;D:\code\scripts;D:\apps\Git\bin;C:\Users\zecha\AppData\Roaming\npm;D:\apps\platform-tools;D:\apps\heroku\bin;D:\apps\Ant\bin;C:\Users\zecha\AppData\Local\Yarn\bin;D:\apps\Maven\bin;."/>
    <property name="java.vm.info" value="mixed mode, sharing"/>
    <property name="java.vendor" value="Oracle Corporation"/>
    <property name="java.vm.version" value="15.0.1+9-18"/>
    <property name="sun.io.unicode.encoding" value="UnicodeLittle"/>
    <property name="java.class.version" value="59.0"/>
  </properties>
  <testcase name="shouldAnswerWithTrue" classname="chess_client.AppTest" time="0.003"/>
</testsuite>